<?xml version="1.0" encoding="UTF-8"?>
<!-- Generated by org.testng.reporters.JUnitReportReporter -->
<testsuite hostname="DESKTOP-H3UCDS2" failures="0" tests="3" name="test.LoginTests" time="7.655" errors="0" timestamp="2021-02-05T13:20:38 EET" skipped="0">
  <testcase classname="test.LoginTests" name="executeSimpleTest" time="2.547"/>
  <system-out/>
  <testcase classname="test.LoginTests" name="executeSimpleTest" time="2.708"/>
  <system-out/>
  <testcase classname="test.LoginTests" name="executeSimpleTest" time="2.400"/>
  <system-out/>
</testsuite> <!-- test.LoginTests -->
